Arguments: 
  /usr/local/bin/node /usr/local/Cellar/yarn/1.3.2/libexec/bin/yarn.js add redux redux-saga normalizr seamless-immutable axios valid-url object-hash

PATH: 
  /usr/local/opt/sqlite/bin:/usr/local/var/pyenv/shims:/usr/local/mysql/bin:/opt/local/bin:/opt/local/sbin:/Library/Frameworks/Python.framework/Versions/3.5/bin:/usr/local/bin:/usr/bin:/bin:/usr/sbin:/sbin:/Users/Georgiy/Library/Python/3.5/bin/:/Users/Georgiy/.yarn/bin

Yarn version: 
  1.3.2

Node version: 
  7.7.3

Platform: 
  darwin x64

npm manifest: 
  {
    "name": "redux-uaz",
    "version": "0.0.1",
    "description": "",
    "main": "src/index.js",
    "scripts": {
      "test": "echo \"Error: no test specified\" && exit 1"
    },
    "repository": {
      "type": "git",
      "url": "git+https://github.com/skoob13/sager.git"
    },
    "author": "skoob13",
    "license": "MIT",
    "bugs": {
      "url": "https://github.com/skoob13/sager/issues"
    },
    "homepage": "https://github.com/skoob13/sager#readme"
  }

yarn manifest: 
  No manifest

Lockfile: 
  No lockfile

Trace: 
  Error: socket hang up
      at TLSSocket.onHangUp (_tls_wrap.js:1116:19)
      at Object.onceWrapper (events.js:293:19)
      at emitNone (events.js:91:20)
      at TLSSocket.emit (events.js:188:7)
      at endReadableNT (_stream_readable.js:974:12)
      at _combinedTickCallback (internal/process/next_tick.js:80:11)
      at process._tickCallback (internal/process/next_tick.js:104:9)
